<?xml version="1.0" encoding="UTF-8"?>
<!-- Generated by org.testng.reporters.JUnitXMLReporter -->
<testsuite ignored="0" hostname="LAPTOP-MNKCORU6" failures="1" tests="6" name="Surefire test" time="32.47" errors="0" timestamp="2022-12-29T19:04:30 IST">
  <testcase classname="home.Tests.ErrorValidationTest" name="LoginErrorValidation" time="0.689">
    <skipped/>
  </testcase> <!-- LoginErrorValidation -->
  <testcase classname="home.Tests.ErrorValidationTest" name="LoginErrorValidation" time="0.438">
    <failure type="java.lang.AssertionError" message="expected [Incorrect email or password.] but found [Incorrect  password.]">
      <![CDATA[java.lang.AssertionError: expected [Incorrect email or password.] but found [Incorrect  password.]
at home.Tests.ErrorValidationTest.LoginErrorValidation(ErrorValidationTest.java:27)
at java.base/java.util.ArrayList.forEach(ArrayList.java:1511)
... Removed 38 stack frames]]>
    </failure>
  </testcase> <!-- LoginErrorValidation -->
  <testcase classname="home.Tests.ErrorValidationTest" name="ProductErrorValidation" time="3.505"/>
  <testcase classname="home.Tests.SubmitOrderTest" name="submitOrder" time="3.393"/>
  <testcase classname="home.Tests.SubmitOrderTest" name="submitOrder" time="3.287"/>
  <testcase classname="home.Tests.SubmitOrderTest" name="OrderHistoryTest" time="0.554"/>
</testsuite> <!-- Surefire test -->
