<?xml version="1.0" encoding="UTF-8"?>
<!-- Generated by org.testng.reporters.JUnitXMLReporter -->
<testsuite ignored="1" hostname="LAPTOP-MNKCORU6" failures="0" tests="1" name="Default test" time="9.933" errors="0" timestamp="2022-11-25T11:55:56 IST">
  <testcase classname="home.Tests.ErrorValidationTest" name="ProductErrorValidation" time="3.942"/>
  <testcase classname="home.Tests.ErrorValidationTest" name="LoginErrorValidation" time="0.0">
    <ignored/>
  </testcase> <!-- LoginErrorValidation -->
</testsuite> <!-- Default test -->
