<?xml version="1.0" encoding="UTF-8"?>
<!-- Generated by org.testng.reporters.JUnitXMLReporter -->
<testsuite ignored="1" hostname="LAPTOP-MNKCORU6" failures="1" tests="2" name="Error Validation Test" time="54.96" errors="0" timestamp="2022-12-03T14:25:34 IST">
  <testcase classname="home.Tests.ErrorValidationTest" name="LoginErrorValidation" time="0.581">
    <skipped/>
  </testcase> <!-- LoginErrorValidation -->
  <testcase classname="home.Tests.ErrorValidationTest" name="LoginErrorValidation" time="0.526">
    <failure type="java.lang.AssertionError" message="expected [Incorrect email or password.] but found [Incorrect  password.]">
      <![CDATA[java.lang.AssertionError: expected [Incorrect email or password.] but found [Incorrect  password.]
at home.Tests.ErrorValidationTest.LoginErrorValidation(ErrorValidationTest.java:27)
at java.base/java.util.ArrayList.forEach(ArrayList.java:1511)
at java.base/java.util.concurrent.FutureTask.run(FutureTask.java:264)
at java.base/java.util.concurrent.ThreadPoolExecutor.runWorker(ThreadPoolExecutor.java:1136)
at java.base/java.util.concurrent.ThreadPoolExecutor$Worker.run(ThreadPoolExecutor.java:635)
at java.base/java.lang.Thread.run(Thread.java:833)
... Removed 24 stack frames]]>
    </failure>
  </testcase> <!-- LoginErrorValidation -->
  <testcase classname="home.Tests.ErrorValidationTest" name="ProductErrorValidation" time="0.0">
    <ignored/>
  </testcase> <!-- ProductErrorValidation -->
</testsuite> <!-- Error Validation Test -->
