<?xml version="1.0" encoding="UTF-8"?>
<!-- Generated by org.testng.reporters.JUnitXMLReporter -->
<testsuite hostname="LAPTOP-MNKCORU6" ignored="1" name="Error Validation Test" tests="2" failures="1" timestamp="2022-12-03T08:58:08 IST" time="12.486" errors="0">
  <testcase name="LoginErrorValidation" time="0.401" classname="home.Tests.ErrorValidationTest">
    <skipped/>
  </testcase> <!-- LoginErrorValidation -->
  <testcase name="LoginErrorValidation" time="0.483" classname="home.Tests.ErrorValidationTest">
    <failure type="java.lang.AssertionError" message="expected [Incorrect email or password.] but found [Incorrect  password.]">
      <![CDATA[java.lang.AssertionError: expected [Incorrect email or password.] but found [Incorrect  password.]
at home.Tests.ErrorValidationTest.LoginErrorValidation(ErrorValidationTest.java:27)
at java.util.ArrayList.forEach(ArrayList.java:1259)
at java.util.concurrent.FutureTask.run(FutureTask.java:266)
at java.util.concurrent.ThreadPoolExecutor.runWorker(ThreadPoolExecutor.java:1149)
at java.util.concurrent.ThreadPoolExecutor$Worker.run(ThreadPoolExecutor.java:624)
at java.lang.Thread.run(Thread.java:750)
... Removed 24 stack frames]]>
    </failure>
  </testcase> <!-- LoginErrorValidation -->
  <testcase name="ProductErrorValidation" time="0.0" classname="home.Tests.ErrorValidationTest">
    <ignored/>
  </testcase> <!-- ProductErrorValidation -->
</testsuite> <!-- Error Validation Test -->
