<?xml version="1.0" encoding="UTF-8"?>
<!-- Generated by org.testng.reporters.JUnitXMLReporter -->
<testsuite hostname="LAPTOP-MNKCORU6" ignored="2" tests="0" failures="0" timestamp="2022-12-03T08:57:55 IST" time="0.004" errors="0">
  <testcase name="OrderHistoryTest" time="0.0" classname="home.Tests.SubmitOrderTest">
    <ignored/>
  </testcase> <!-- OrderHistoryTest -->
  <testcase name="submitOrder" time="0.0" classname="home.Tests.SubmitOrderTest">
    <ignored/>
  </testcase> <!-- submitOrder -->
</testsuite>
