<?xml version="1.0" encoding="UTF-8"?>
<testng-results ignored="0" total="1" passed="1" failed="0" skipped="0">
  <reporter-output>
  </reporter-output>
  <suite started-at="2023-05-02T11:22:34 IST" name="Default suite" finished-at="2023-05-02T11:22:40 IST" duration-ms="6275">
    <groups>
    </groups>
    <test started-at="2023-05-02T11:22:34 IST" name="Default test" finished-at="2023-05-02T11:22:40 IST" duration-ms="6275">
      <class name="home.Tests.AmazonFlowTest">
        <test-method signature="amazonRun()[pri:0, instance:home.Tests.AmazonFlowTest@54bff557]" started-at="2023-05-02T11:22:34 IST" name="amazonRun" finished-at="2023-05-02T11:22:40 IST" duration-ms="6248" status="PASS">
          <reporter-output>
          </reporter-output>
        </test-method> <!-- amazonRun -->
      </class> <!-- home.Tests.AmazonFlowTest -->
    </test> <!-- Default test -->
  </suite> <!-- Default suite -->
</testng-results>
