<?xml version="1.0" encoding="UTF-8"?>
<!-- Generated by org.testng.reporters.JUnitReportReporter -->
<testsuite hostname="LAPTOP-MNKCORU6" failures="0" tests="3" name="home.Tests.SubmitOrderTest" time="19.945" errors="0" timestamp="2022-11-28T16:10:13 IST" skipped="0">
  <testcase classname="home.Tests.SubmitOrderTest" name="submitOrder" time="6.583"/>
  <system-out/>
  <testcase classname="home.Tests.SubmitOrderTest" name="OrderHistoryTest" time="4.210"/>
  <system-out/>
  <testcase classname="home.Tests.SubmitOrderTest" name="submitOrder" time="9.152"/>
  <system-out/>
</testsuite> <!-- home.Tests.SubmitOrderTest -->
