<?xml version="1.0" encoding="UTF-8"?>
<!-- Generated by org.testng.reporters.JUnitReportReporter -->
<testsuite hostname="LAPTOP-MNKCORU6" failures="0" tests="3" name="home.Tests.SubmitOrderTest" time="14.176" errors="0" timestamp="2022-12-29T19:04:30 IST" skipped="0">
  <testcase classname="home.Tests.SubmitOrderTest" name="submitOrder" time="6.161"/>
  <system-out/>
  <testcase classname="home.Tests.SubmitOrderTest" name="OrderHistoryTest" time="3.298"/>
  <system-out/>
  <testcase classname="home.Tests.SubmitOrderTest" name="submitOrder" time="4.717"/>
  <system-out/>
</testsuite> <!-- home.Tests.SubmitOrderTest -->
